-------------------------------------------------------------------------------
Test set: com.springboot.week2.controller.DepartmentControllerTest
-------------------------------------------------------------------------------
Tests run: 8, Failures: 7, Errors: 1, Skipped: 0, Time elapsed: 2.865 s <<< FAILURE! -- in com.springboot.week2.controller.DepartmentControllerTest
com.springboot.week2.controller.DepartmentControllerTest.deleteDepartmentReturnsDtoWhenDeleted -- Time elapsed: 2.573 s <<< FAILURE!
java.lang.AssertionError: Status expected:<200> but was:<400>
	at org.springframework.test.util.AssertionErrors.fail(AssertionErrors.java:62)
	at org.springframework.test.util.AssertionErrors.assertEquals(AssertionErrors.java:129)
	at org.springframework.test.web.servlet.result.StatusResultMatchers.lambda$matcher$0(StatusResultMatchers.java:600)
	at org.springframework.test.web.servlet.MockMvc$1.andExpect(MockMvc.java:212)
	at com.springboot.week2.controller.DepartmentControllerTest.deleteDepartmentReturnsDtoWhenDeleted(DepartmentControllerTest.java:139)

com.springboot.week2.controller.DepartmentControllerTest.deleteDepartmentThrowsExceptionWhenNotFound -- Time elapsed: 0.025 s <<< FAILURE!
java.lang.AssertionError: Status expected:<500> but was:<400>
	at org.springframework.test.util.AssertionErrors.fail(AssertionErrors.java:62)
	at org.springframework.test.util.AssertionErrors.assertEquals(AssertionErrors.java:129)
	at org.springframework.test.web.servlet.result.StatusResultMatchers.lambda$matcher$0(StatusResultMatchers.java:600)
	at org.springframework.test.web.servlet.MockMvc$1.andExpect(MockMvc.java:212)
	at com.springboot.week2.controller.DepartmentControllerTest.deleteDepartmentThrowsExceptionWhenNotFound(DepartmentControllerTest.java:158)

com.springboot.week2.controller.DepartmentControllerTest.getDepartmentByIdReturnsDepartmentDtoWhenFound -- Time elapsed: 0.115 s <<< FAILURE!
java.lang.AssertionError: JSON path "$.id" expected:<1> but was:<null>
	at org.springframework.test.util.AssertionErrors.fail(AssertionErrors.java:62)
	at org.springframework.test.util.AssertionErrors.assertEquals(AssertionErrors.java:129)
	at org.springframework.test.util.JsonPathExpectationsHelper.assertValue(JsonPathExpectationsHelper.java:172)
	at org.springframework.test.web.servlet.result.JsonPathResultMatchers.lambda$value$2(JsonPathResultMatchers.java:111)
	at org.springframework.test.web.servlet.MockMvc$1.andExpect(MockMvc.java:212)
	at com.springboot.week2.controller.DepartmentControllerTest.getDepartmentByIdReturnsDepartmentDtoWhenFound(DepartmentControllerTest.java:57)

com.springboot.week2.controller.DepartmentControllerTest.putDepartmentUpdatesAndReturnsDepartmentDto -- Time elapsed: 0.020 s <<< FAILURE!
java.lang.AssertionError: Status expected:<200> but was:<400>
	at org.springframework.test.util.AssertionErrors.fail(AssertionErrors.java:62)
	at org.springframework.test.util.AssertionErrors.assertEquals(AssertionErrors.java:129)
	at org.springframework.test.web.servlet.result.StatusResultMatchers.lambda$matcher$0(StatusResultMatchers.java:600)
	at org.springframework.test.web.servlet.MockMvc$1.andExpect(MockMvc.java:212)
	at com.springboot.week2.controller.DepartmentControllerTest.putDepartmentUpdatesAndReturnsDepartmentDto(DepartmentControllerTest.java:180)

com.springboot.week2.controller.DepartmentControllerTest.putDepartmentThrowsExceptionWhenNotFound -- Time elapsed: 0.018 s <<< FAILURE!
java.lang.AssertionError: Status expected:<500> but was:<400>
	at org.springframework.test.util.AssertionErrors.fail(AssertionErrors.java:62)
	at org.springframework.test.util.AssertionErrors.assertEquals(AssertionErrors.java:129)
	at org.springframework.test.web.servlet.result.StatusResultMatchers.lambda$matcher$0(StatusResultMatchers.java:600)
	at org.springframework.test.web.servlet.MockMvc$1.andExpect(MockMvc.java:212)
	at com.springboot.week2.controller.DepartmentControllerTest.putDepartmentThrowsExceptionWhenNotFound(DepartmentControllerTest.java:201)

com.springboot.week2.controller.DepartmentControllerTest.getAllDepartmentsReturnsListOfDepartmentDtos -- Time elapsed: 0.034 s <<< FAILURE!
java.lang.AssertionError: JSON path "$[0].id" expected:<1> but was:<null>
	at org.springframework.test.util.AssertionErrors.fail(AssertionErrors.java:62)
	at org.springframework.test.util.AssertionErrors.assertEquals(AssertionErrors.java:129)
	at org.springframework.test.util.JsonPathExpectationsHelper.assertValue(JsonPathExpectationsHelper.java:172)
	at org.springframework.test.web.servlet.result.JsonPathResultMatchers.lambda$value$2(JsonPathResultMatchers.java:111)
	at org.springframework.test.web.servlet.MockMvc$1.andExpect(MockMvc.java:212)
	at com.springboot.week2.controller.DepartmentControllerTest.getAllDepartmentsReturnsListOfDepartmentDtos(DepartmentControllerTest.java:96)

com.springboot.week2.controller.DepartmentControllerTest.getDepartmentByIdThrowsExceptionWhenNotFound -- Time elapsed: 0.012 s <<< ERROR!
jakarta.servlet.ServletException: Request processing failed: java.lang.RuntimeException: Department Id does not exist
	at org.springframework.web.servlet.FrameworkServlet.processRequest(FrameworkServlet.java:1011)
	at org.springframework.web.servlet.FrameworkServlet.doGet(FrameworkServlet.java:892)
	at jakarta.servlet.http.HttpServlet.service(HttpServlet.java:633)
	at org.springframework.web.servlet.FrameworkServlet.service(FrameworkServlet.java:874)
	at org.springframework.test.web.servlet.TestDispatcherServlet.service(TestDispatcherServlet.java:72)
	at jakarta.servlet.http.HttpServlet.service(HttpServlet.java:723)
	at org.springframework.mock.web.MockFilterChain$ServletFilterProxy.doFilter(MockFilterChain.java:160)
	at org.springframework.mock.web.MockFilterChain.doFilter(MockFilterChain.java:127)
	at org.springframework.test.web.servlet.MockMvc.perform(MockMvc.java:199)
	at com.springboot.week2.controller.DepartmentControllerTest.getDepartmentByIdThrowsExceptionWhenNotFound(DepartmentControllerTest.java:67)
Caused by: java.lang.RuntimeException: Department Id does not exist
	at com.springboot.week2.controller.DepartmentController.getAllDepartment(DepartmentController.java:30)
	at java.base/jdk.internal.reflect.DirectMethodHandleAccessor.invoke(DirectMethodHandleAccessor.java:103)
	at java.base/java.lang.reflect.Method.invoke(Method.java:580)
	at org.springframework.web.method.support.InvocableHandlerMethod.doInvoke(InvocableHandlerMethod.java:258)
	at org.springframework.web.method.support.InvocableHandlerMethod.invokeForRequest(InvocableHandlerMethod.java:190)
	at org.springframework.web.servlet.mvc.method.annotation.ServletInvocableHandlerMethod.invokeAndHandle(ServletInvocableHandlerMethod.java:117)
	at org.springframework.web.servlet.mvc.method.annotation.RequestMappingHandlerAdapter.invokeHandlerMethod(RequestMappingHandlerAdapter.java:934)
	at org.springframework.web.servlet.mvc.method.annotation.RequestMappingHandlerAdapter.handleInternal(RequestMappingHandlerAdapter.java:853)
	at org.springframework.web.servlet.mvc.method.AbstractHandlerMethodAdapter.handle(AbstractHandlerMethodAdapter.java:86)
	at org.springframework.web.servlet.DispatcherServlet.doDispatch(DispatcherServlet.java:963)
	at org.springframework.web.servlet.DispatcherServlet.doService(DispatcherServlet.java:866)
	at org.springframework.web.servlet.FrameworkServlet.processRequest(FrameworkServlet.java:1003)
	... 9 more

com.springboot.week2.controller.DepartmentControllerTest.postDepartmentCreatesAndReturnsDepartmentDto -- Time elapsed: 0.019 s <<< FAILURE!
java.lang.AssertionError: Status expected:<200> but was:<400>
	at org.springframework.test.util.AssertionErrors.fail(AssertionErrors.java:62)
	at org.springframework.test.util.AssertionErrors.assertEquals(AssertionErrors.java:129)
	at org.springframework.test.web.servlet.result.StatusResultMatchers.lambda$matcher$0(StatusResultMatchers.java:600)
	at org.springframework.test.web.servlet.MockMvc$1.andExpect(MockMvc.java:212)
	at com.springboot.week2.controller.DepartmentControllerTest.postDepartmentCreatesAndReturnsDepartmentDto(DepartmentControllerTest.java:119)

